ERROR:root:FIXME: Unimplemented - put('list', 'A sequence of things - created using []')
ERROR:root:FIXME: Unimplemented - put('list', 'A sequence of things - created using []')
ERROR:root:FIXME: Unimplemented - put('list', 'A sequence of things - created using []')
INFO:root:Constructing parser
ERROR:root:FIXME: Unimplemented - put('list', 'A sequence of things - created using []')
ERROR:root:FIXME: Unimplemented - get('list')
INFO:root:Constructing parser
INFO:root:Constructing parser
INFO:root:Constructing parser
DEBUG:root:Constructing put subparser
INFO:root:Constructing parser
DEBUG:root:Constructing put subparser
INFO:root:Constructing parser
DEBUG:root:Constructing put subparser
INFO:root:Constructing parser
DEBUG:root:Constructing put subparser
INFO:root:Constructing parser
DEBUG:root:Constructing put subparser
ERROR:root:FIXME: Unimplemented - put('apples', 'a tasty fruit')
INFO:root:Constructing parser
DEBUG:root:Constructing put subparser
INFO:root:Constructing parser
DEBUG:root:Constructing put subparser
INFO:root:Constructing parser
DEBUG:root:Constructing put subparser
ERROR:root:FIXME: Unimplemented - put('oranges', 'tasty fruits')
INFO:root:Constructing parser
DEBUG:root:Constructing put subparser
ERROR:root:FIXME: Unimplemented - get('oranges')
DEBUG:root:Connecting to PostgreSQL
DEBUG:root:Connecting to PostgreSQL
DEBUG:root:Connecting to PostgreSQL
